<?xml version="1.0" encoding="UTF-8"?>
<!-- Generated by org.testng.reporters.JUnitReportReporter -->
<testsuite hostname="HDC3-L-1517SFR" failures="0" tests="1" name="BaytTest.AutomationTest.MobileApp" time="12.154" errors="0" timestamp="2023-02-24T11:54:37 IST" skipped="0">
  <testcase classname="BaytTest.AutomationTest.MobileApp" name="deleteAccount" time="12.154"/>
  <system-out/>
</testsuite> <!-- BaytTest.AutomationTest.MobileApp -->
