<?xml version="1.0" encoding="UTF-8"?>
<!-- Generated by org.testng.reporters.JUnitReportReporter -->
<testsuite hostname="HDC3-L-1517SFR" failures="0" tests="1" name="BaytTest.AutomationTest.MobileAppPart3" time="16.199" errors="0" timestamp="2023-02-24T13:11:26 IST" skipped="0">
  <testcase classname="BaytTest.AutomationTest.MobileAppPart3" name="deleteAccount" time="16.199"/>
  <system-out/>
</testsuite> <!-- BaytTest.AutomationTest.MobileAppPart3 -->
