<?xml version="1.0" encoding="UTF-8"?>
<!-- Generated by org.testng.reporters.JUnitReportReporter -->
<testsuite hostname="HDC3-L-1517SFR" failures="0" tests="1" name="BaytTest.AutomationTest.Part1Test" time="44.379" errors="0" timestamp="2023-02-24T08:39:09 IST" skipped="0">
  <testcase classname="BaytTest.AutomationTest.Part1Test" name="validateRegistration" time="44.379"/>
  <system-out/>
</testsuite> <!-- BaytTest.AutomationTest.Part1Test -->
