<?xml version="1.0" encoding="UTF-8"?>
<!-- Generated by org.testng.reporters.JUnitReportReporter -->
<testsuite hostname="HDC3-L-1517SFR" failures="0" tests="1" name="BaytTest.AutomationTest.AccountDeletionPart2" time="35.908" errors="0" timestamp="2023-02-24T13:11:06 IST" skipped="0">
  <testcase classname="BaytTest.AutomationTest.AccountDeletionPart2" name="deleteAccount" time="35.908"/>
  <system-out/>
</testsuite> <!-- BaytTest.AutomationTest.AccountDeletionPart2 -->
