<?xml version="1.0" encoding="UTF-8"?>
<!-- Generated by org.testng.reporters.JUnitReportReporter -->
<testsuite hostname="HDC3-L-1517SFR" failures="0" tests="1" name="BaytTest.AutomationTest.AccountCreationPart1" time="31.195" errors="0" timestamp="2023-02-24T13:10:13 IST" skipped="0">
  <testcase classname="BaytTest.AutomationTest.AccountCreationPart1" name="validateRegistration" time="31.195"/>
  <system-out/>
</testsuite> <!-- BaytTest.AutomationTest.AccountCreationPart1 -->
