<?xml version="1.0" encoding="UTF-8"?>
<!-- Generated by org.testng.reporters.JUnitReportReporter -->
<testsuite hostname="HDC3-L-1517SFR" failures="0" tests="1" name="BaytTest.AutomationTest.Part2Test" time="41.269" errors="0" timestamp="2023-02-24T08:40:10 IST" skipped="0">
  <testcase classname="BaytTest.AutomationTest.Part2Test" name="deleteAccount" time="41.269"/>
  <system-out/>
</testsuite> <!-- BaytTest.AutomationTest.Part2Test -->
